Arguments: 
  /usr/local/bin/node /usr/local/bin/yarn add ts-node

PATH: 
  /Users/alexhan/.pyenv/shims:/opt/homebrew/opt/openjdk/bin:/opt/homebrew/opt/openjdk/bin:/usr/local/bin:/opt/homebrew/bin:/opt/homebrew/sbin:/usr/local/bin:/usr/bin:/bin:/usr/sbin:/sbin:/Users/alexhan/bin:/Library/TeX/texbin:/Library/Apple/usr/bin:/Users/alexhan/.sdkman/candidates/java/current/bin:/opt/homebrew/opt/openjdk/bin:/opt/homebrew/bin:/opt/homebrew/sbin

Yarn version: 
  1.22.19

Node version: 
  16.17.0

Platform: 
  darwin arm64

Trace: 
  SyntaxError: /Users/alexhan/Documents/school/CPSC416/extra-credit-v2/backend/package.json: Unexpected token } in JSON at position 132
      at JSON.parse (<anonymous>)
      at /usr/local/lib/node_modules/yarn/lib/cli.js:1629:59
      at Generator.next (<anonymous>)
      at step (/usr/local/lib/node_modules/yarn/lib/cli.js:310:30)
      at /usr/local/lib/node_modules/yarn/lib/cli.js:321:13

npm manifest: 
  {
    "name": "backend",
    "version": "1.0.0",
    "main": "index.js",
    "license": "MIT",
    "scripts": {
      "start": "node app.ts",
    },
    "dependencies": {
      "@automerge/automerge": "^2.0.2",
      "typescript": "^5.0.4"
    }
  }

yarn manifest: 
  No manifest

Lockfile: 
  # THIS IS AN AUTOGENERATED FILE. DO NOT EDIT THIS FILE DIRECTLY.
  # yarn lockfile v1
  
  
  "@automerge/automerge-wasm@0.1.25":
    version "0.1.25"
    resolved "https://registry.yarnpkg.com/@automerge/automerge-wasm/-/automerge-wasm-0.1.25.tgz#cee27cbe74acba3f0a7fc095390a7c2904768bbb"
    integrity sha512-bTpSCkUS2/3cy2xVtpJzaf6wZla9tQhRvzq29LkNrJQ/Lp8dxLVAOZC7t1Nio4uzawTp8pIuhNlbYRM1Gh3VPA==
  
  "@automerge/automerge@^2.0.2":
    version "2.0.2"
    resolved "https://registry.yarnpkg.com/@automerge/automerge/-/automerge-2.0.2.tgz#17b323ea3d6e58fb770119f5cb4d5b9704181608"
    integrity sha512-UnKOB4L/0qJ91aiVQDiN9Qf9IuigWpRs9yKC+5Z9qmCHH8AcETvv/B82FqWjkNn4bDPAJoDMhy/DG78pP+bfew==
    dependencies:
      "@automerge/automerge-wasm" "0.1.25"
      uuid "^9.0.0"
  
  typescript@^5.0.4:
    version "5.0.4"
    resolved "https://registry.yarnpkg.com/typescript/-/typescript-5.0.4.tgz#b217fd20119bd61a94d4011274e0ab369058da3b"
    integrity sha512-cW9T5W9xY37cc+jfEnaUvX91foxtHkza3Nw3wkoF4sSlKn0MONdkdEndig/qPBWXNkmplh3NzayQzCiHM4/hqw==
  
  uuid@^9.0.0:
    version "9.0.0"
    resolved "https://registry.yarnpkg.com/uuid/-/uuid-9.0.0.tgz#592f550650024a38ceb0c562f2f6aa435761efb5"
    integrity sha512-MXcSTerfPa4uqyzStbRoTgt5XIe3x5+42+q1sDuy3R5MDk66URdLMOZe5aPX/SQd+kuYAh0FdP/pO28IkQyTeg==
